#
# There is insufficient memory for the Java Runtime Environment to continue.
# Native memory allocation (mmap) failed to map 134217728 bytes for Failed to commit area from 0x0000000081800000 to 0x0000000089800000 of length 134217728.
# Possible reasons:
#   The system is out of physical RAM or swap space
#   The process is running with CompressedOops enabled, and the Java Heap may be blocking the growth of the native heap
# Possible solutions:
#   Reduce memory load on the system
#   Increase physical memory or swap space
#   Check if swap backing store is full
#   Decrease Java heap size (-Xmx/-Xms)
#   Decrease number of Java threads
#   Decrease Java thread stack sizes (-Xss)
#   Set larger code cache with -XX:ReservedCodeCacheSize=
# This output file may be truncated or incomplete.
#
#  Out of Memory Error (./src/hotspot/os/windows/os_windows.cpp:3301), pid=11812, tid=22996
#
# JRE version:  (11.0.10) (build )
# Java VM: OpenJDK 64-Bit Server VM (11.0.10+0-b96-7249189, mixed mode, sharing, tiered, compressed oops, g1 gc, windows-amd64)
# No core dump will be written. Minidumps are not enabled by default on client versions of Windows
#

---------------  S U M M A R Y ------------

Command Line: 

Host: Intel(R) Core(TM) i5-7200U CPU @ 2.50GHz, 4 cores, 7G,  Windows 10 , 64 bit Build 19041 (10.0.19041.1348)
Time: Fri Dec 31 09:24:56 2021 Central European Standard Time elapsed time: 0.133031 seconds (0d 0h 0m 0s)

---------------  T H R E A D  ---------------

Current thread (0x000001c64415b800):  JavaThread "Unknown thread" [_thread_in_vm, id=22996, stack(0x000000a124200000,0x000000a124300000)]

Stack: [0x000000a124200000,0x000000a124300000]
Native frames: (J=compiled Java code, j=interpreted, Vv=VM code, C=native code)
V  [jvm.dll+0x5ecfaa]
V  [jvm.dll+0x722bd5]
V  [jvm.dll+0x72412d]
V  [jvm.dll+0x7247e3]
V  [jvm.dll+0x242928]
V  [jvm.dll+0x5ea374]
V  [jvm.dll+0x5df425]
V  [jvm.dll+0x2fdebb]
V  [jvm.dll+0x2fde2a]
V  [jvm.dll+0x2fdd02]
V  [jvm.dll+0x302bf6]
V  [jvm.dll+0x34b2a3]
V  [jvm.dll+0x34b9a6]
V  [jvm.dll+0x34b3a3]
V  [jvm.dll+0x2d8888]
V  [jvm.dll+0x2d9a37]
V  [jvm.dll+0x701737]
V  [jvm.dll+0x702f2c]
V  [jvm.dll+0x3587d9]
V  [jvm.dll+0x6e4fae]
V  [jvm.dll+0x3c0be3]
V  [jvm.dll+0x3c2e91]
C  [jli.dll+0x5373]
C  [ucrtbase.dll+0x21bb2]
C  [KERNEL32.DLL+0x17034]
C  [ntdll.dll+0x52651]


---------------  P R O C E S S  ---------------

Threads class SMR info:
_java_thread_list=0x000001c6428bf2a0, length=0, elements={
}

Java Threads: ( => current thread )

Other Threads:
  0x000001c644173000 GCTaskThread "GC Thread#0" [stack: 0x000000a124300000,0x000000a124400000] [id=7544]
  0x000001c6441a2000 ConcurrentGCThread "G1 Main Marker" [stack: 0x000000a124400000,0x000000a124500000] [id=21684]
  0x000001c6441a4800 ConcurrentGCThread "G1 Conc#0" [stack: 0x000000a124500000,0x000000a124600000] [id=23540]

[error occurred during error reporting (printing all threads), id 0xc0000005, EXCEPTION_ACCESS_VIOLATION (0xc0000005) at pc=0x00007ff954959107]

VM state:not at safepoint (not fully initialized)

VM Mutex/Monitor currently owned by a thread:  ([mutex/lock_event])
[0x000001c644156290] Heap_lock - owner thread: 0x000001c64415b800

Heap address: 0x0000000081800000, size: 2024 MB, Compressed Oops mode: Non-zero based: 0x0000000081800000
Narrow klass base: 0x0000000000000000, Narrow klass shift: 0

GC Heap History (0 events):
No events

Deoptimization events (0 events):
No events

Classes redefined (0 events):
No events

Internal exceptions (0 events):
No events

Events (1 events):
Event: 0.058 Loaded shared library C:\Program Files\Android\Android Studio\jre\bin\zip.dll


Dynamic libraries:
0x00007ff63f7c0000 - 0x00007ff63f7ca000 	C:\Program Files\Android\Android Studio\jre\bin\java.EXE
0x00007ff9b5c50000 - 0x00007ff9b5e45000 	C:\Windows\SYSTEM32\ntdll.dll
0x00007ff9b4130000 - 0x00007ff9b41ee000 	C:\Windows\System32\KERNEL32.DLL
0x00007ff9b3720000 - 0x00007ff9b39e8000 	C:\Windows\System32\KERNELBASE.dll
0x00007ff9b3590000 - 0x00007ff9b3690000 	C:\Windows\System32\ucrtbase.dll
0x00007ff9aff30000 - 0x00007ff9aff49000 	C:\Program Files\Android\Android Studio\jre\bin\jli.dll
0x00007ff9b3f50000 - 0x00007ff9b40f1000 	C:\Windows\System32\USER32.dll
0x00007ff9b33b0000 - 0x00007ff9b33d2000 	C:\Windows\System32\win32u.dll
0x00007ff9b3df0000 - 0x00007ff9b3e1b000 	C:\Windows\System32\GDI32.dll
0x00007ff9b3480000 - 0x00007ff9b358d000 	C:\Windows\System32\gdi32full.dll
0x00007ff9b33e0000 - 0x00007ff9b347d000 	C:\Windows\System32\msvcp_win.dll
0x00007ff9aa6e0000 - 0x00007ff9aa6f7000 	C:\Program Files\Android\Android Studio\jre\bin\VCRUNTIME140.dll
0x00007ff9a3190000 - 0x00007ff9a342a000 	C:\Windows\WinSxS\amd64_microsoft.windows.common-controls_6595b64144ccf1df_6.0.19041.1110_none_60b5254171f9507e\COMCTL32.dll
0x00007ff9b4940000 - 0x00007ff9b49de000 	C:\Windows\System32\msvcrt.dll
0x00007ff9b4100000 - 0x00007ff9b4130000 	C:\Windows\System32\IMM32.DLL
0x00007ff98d620000 - 0x00007ff98d6bd000 	C:\Program Files\Android\Android Studio\jre\bin\msvcp140.dll
0x00007ff954670000 - 0x00007ff95513f000 	C:\Program Files\Android\Android Studio\jre\bin\server\jvm.dll
0x00007ff9b49f0000 - 0x00007ff9b4a9c000 	C:\Windows\System32\ADVAPI32.dll
0x00007ff9b4300000 - 0x00007ff9b439b000 	C:\Windows\System32\sechost.dll
0x00007ff9b5a80000 - 0x00007ff9b5baa000 	C:\Windows\System32\RPCRT4.dll
0x00007ff9b49e0000 - 0x00007ff9b49e8000 	C:\Windows\System32\PSAPI.DLL
0x00007ff9a2b60000 - 0x00007ff9a2b69000 	C:\Windows\SYSTEM32\WSOCK32.dll
0x00007ff9b48d0000 - 0x00007ff9b493b000 	C:\Windows\System32\WS2_32.dll
0x00007ff9a3a90000 - 0x00007ff9a3ab7000 	C:\Windows\SYSTEM32\WINMM.dll
0x00007ff9ac910000 - 0x00007ff9ac91a000 	C:\Windows\SYSTEM32\VERSION.dll
0x00007ff9b1bf0000 - 0x00007ff9b1c02000 	C:\Windows\SYSTEM32\kernel.appcore.dll
0x00007ff993c00000 - 0x00007ff993c11000 	C:\Program Files\Android\Android Studio\jre\bin\verify.dll
0x00007ff9a5320000 - 0x00007ff9a5504000 	C:\Windows\SYSTEM32\DBGHELP.DLL
0x00007ff99c060000 - 0x00007ff99c08c000 	C:\Windows\SYSTEM32\dbgcore.DLL
0x00007ff9b3aa0000 - 0x00007ff9b3b22000 	C:\Windows\System32\bcryptPrimitives.dll
0x00007ff98c910000 - 0x00007ff98c939000 	C:\Program Files\Android\Android Studio\jre\bin\java.dll
0x00007ff9b0410000 - 0x00007ff9b041b000 	C:\Program Files\Android\Android Studio\jre\bin\jimage.dll
0x00007ff98f720000 - 0x00007ff98f738000 	C:\Program Files\Android\Android Studio\jre\bin\zip.dll

dbghelp: loaded successfully - version: 4.0.5 - missing functions: none
symbol engine: initialized successfully - sym options: 0x614 - pdb path: .;C:\Program Files\Android\Android Studio\jre\bin;C:\Windows\SYSTEM32;C:\Windows\WinSxS\amd64_microsoft.windows.common-controls_6595b64144ccf1df_6.0.19041.1110_none_60b5254171f9507e;C:\Program Files\Android\Android Studio\jre\bin\server

VM Arguments:
java_command: <unknown>
java_class_path (initial): <not set>
Launcher Type: SUN_STANDARD

[Global flags]
     intx CICompilerCount                          = 3                                         {product} {ergonomic}
     uint ConcGCThreads                            = 1                                         {product} {ergonomic}
     uint G1ConcRefinementThreads                  = 4                                         {product} {ergonomic}
   size_t G1HeapRegionSize                         = 1048576                                   {product} {ergonomic}
    uintx GCDrainStackTargetSize                   = 64                                        {product} {ergonomic}
   size_t InitialHeapSize                          = 134217728                                 {product} {ergonomic}
   size_t MarkStackSize                            = 4194304                                   {product} {ergonomic}
   size_t MaxHeapSize                              = 2122317824                                {product} {ergonomic}
   size_t MinHeapDeltaBytes                        = 1048576                                   {product} {ergonomic}
    uintx NonNMethodCodeHeapSize                   = 5830732                                {pd product} {ergonomic}
    uintx NonProfiledCodeHeapSize                  = 122913754                              {pd product} {ergonomic}
    uintx ProfiledCodeHeapSize                     = 122913754                              {pd product} {ergonomic}
    uintx ReservedCodeCacheSize                    = 251658240                              {pd product} {ergonomic}
     bool SegmentedCodeCache                       = true                                      {product} {ergonomic}
     bool UseCompressedClassPointers               = true                                 {lp64_product} {ergonomic}
     bool UseCompressedOops                        = true                                 {lp64_product} {ergonomic}
     bool UseG1GC                                  = true                                      {product} {ergonomic}
     bool UseLargePagesIndividualAllocation        = false                                  {pd product} {ergonomic}

Logging:
Log output configuration:
 #0: stdout all=warning uptime,level,tags
 #1: stderr all=off uptime,level,tags

Environment Variables:
JAVA_HOME=C:\Software\java\jdk-11
PATH=C:\Windows\system32;C:\Windows;C:\Windows\System32\Wbem;C:\Windows\System32\WindowsPowerShell\v1.0\;C:\Windows\System32\OpenSSH\;C:\Program Files\dotnet\;C:\Program Files\Microsoft SQL Server\130\Tools\Binn\;C:\Software\flutter\bin;C:\Software\java\jdk-11\bin;C:\Software\maven\apache-maven-3.8.3\bin;C:\Program Files (x86)\Intel\Intel(R) Management Engine Components\DAL;C:\Program Files\Intel\Intel(R) Management Engine Components\DAL;C:\Program Files\Microsoft VS Code\bin;C:\Program Files\MiKTeX\miktex\bin\x64\;C:\Program Files\Git\cmd;C:\Program Files\Docker\Docker\resources\bin;C:\ProgramData\DockerDesktop\version-bin;C:\Users\stas\AppData\Local\Android\Sdk\platform-tools;C:\Users\stas\AppData\Local\Microsoft\WindowsApps;C:\Users\stas\AppData\Local\GitHubDesktop\bin;C:\Software\flutter\bin\mingit\cmd
USERNAME=stas
OS=Windows_NT
PROCESSOR_IDENTIFIER=Intel64 Family 6 Model 142 Stepping 9, GenuineIntel



---------------  S Y S T E M  ---------------

OS: Windows 10 , 64 bit Build 19041 (10.0.19041.1348)
OS uptime: 1 days 21:01 hours
Hyper-V role detected

CPU:total 4 (initial active 4) (2 cores per cpu, 2 threads per core) family 6 model 142 stepping 9 microcode 0xea, cmov, cx8, fxsr, mmx, sse, sse2, sse3, ssse3, sse4.1, sse4.2, popcnt, avx, avx2, aes, clmul, erms, 3dnowpref, lzcnt, ht, tsc, tscinvbit, bmi1, bmi2, adx, fma

Memory: 4k page, system-wide physical 8089M (83M free)
TotalPageFile size 32040M (AvailPageFile size 90M)
current process WorkingSet (physical memory assigned to process): 9M, peak: 9M
current process commit charge ("private bytes"): 51M, peak: 179M

vm_info: OpenJDK 64-Bit Server VM (11.0.10+0-b96-7249189) for windows-amd64 JRE (11.0.10+0-b96-7249189), built on Mar 31 2021 21:44:00 by "builder" with MS VC++ 14.0 (VS2015)

END.
